Arguments: 
  /Users/philippkunz/.nvm/versions/node/v8.5.0/bin/node /Users/philippkunz/.yarn/bin/yarn.js install

PATH: 
  /Users/philippkunz/.yarn/bin:/Users/philippkunz/.nvm/versions/node/v8.5.0/bin:/usr/local/bin:/usr/bin:/bin:/usr/sbin:/sbin

Yarn version: 
  1.1.0

Node version: 
  8.5.0

Platform: 
  darwin x64

npm manifest: 
  {
    "name": "smartlearn",
    "version": "1.0.1",
    "description": "smart learning in js",
    "main": "dist/index.js",
    "typings": "dist/index.d.ts",
    "author": "Lossless GmbH",
    "license": "MIT",
    "scripts": {
      "test": "(npmts)"
    },
     "devDependencies": {
      "tapbundle": "^1.0.13"
    },
    "dependencies": {
      "typings-global": "^1.0.16"
    }
  }

yarn manifest: 
  No manifest

Lockfile: 
  No lockfile

Trace: 
  Error: getaddrinfo ENOTFOUND registry.yarnpkg.com registry.yarnpkg.com:443
      at errnoException (dns.js:53:10)
      at GetAddrInfoReqWrap.onlookup [as oncomplete] (dns.js:95:26)
